2023-11-09 15:50:37.2785 INFO 找到檔案資料 fileName : 1.png
2023-11-09 15:50:37.3072 INFO 合成路徑 FilePath : Form
2023-11-09 15:50:37.3122 INFO 存檔完成，執行變更FileLog
2023-11-09 15:50:37.3456 INFO 找到檔案資料 fileName : cat.jpg
2023-11-09 15:50:37.3456 INFO 合成路徑 FilePath : Form
2023-11-09 15:50:37.3456 INFO 存檔完成，執行變更FileLog
2023-11-09 15:50:37.3456 INFO 找到檔案資料 fileName : Gryffindor - 複製 - 複製.jpg
2023-11-09 15:50:37.3456 INFO 合成路徑 FilePath : Form
2023-11-09 15:50:37.3456 INFO 存檔完成，執行變更FileLog
2023-11-09 15:50:38.5645 INFO 存檔成功 filemodelLiqunManagement.ViewModels.FileViewMode
2023-11-09 15:57:00.8793 INFO 找到檔案資料 fileName : owl.jpg
2023-11-09 15:57:00.9163 INFO 合成路徑 FilePath : Form
2023-11-09 15:57:00.9163 INFO 存檔完成，執行變更FileLog
2023-11-09 15:57:00.9513 INFO 找到檔案資料 fileName : 彼岸花.jpg
2023-11-09 15:57:00.9513 INFO 合成路徑 FilePath : Form
2023-11-09 15:57:00.9513 INFO 存檔完成，執行變更FileLog
2023-11-09 15:57:01.0917 INFO 存檔成功 filemodelLiqunManagement.ViewModels.FileViewMode
2023-11-09 16:48:07.5292 INFO 找到檔案資料 fileName : 1.png
2023-11-09 16:48:07.5457 INFO 合成路徑 FilePath : Form
2023-11-09 16:48:07.5623 INFO 存檔完成，執行變更FileLog
2023-11-09 16:48:07.5785 INFO 找到檔案資料 fileName : Gryffindor - 複製 - 複製.jpg
2023-11-09 16:48:07.5785 INFO 合成路徑 FilePath : Form
2023-11-09 16:48:07.5785 INFO 存檔完成，執行變更FileLog
2023-11-09 19:45:29.9013 INFO 找到檔案資料 fileName : 1.png
2023-11-09 19:45:29.9253 INFO 合成路徑 FilePath : Form
2023-11-09 19:45:29.9253 INFO 存檔完成，執行變更FileLog
2023-11-09 19:45:29.9503 INFO 找到檔案資料 fileName : cat.jpg
2023-11-09 19:45:29.9503 INFO 合成路徑 FilePath : Form
2023-11-09 19:45:29.9503 INFO 存檔完成，執行變更FileLog
2023-11-09 19:45:29.9503 INFO 找到檔案資料 fileName : Gryffindor - 複製 (2).jpg
2023-11-09 19:45:29.9503 INFO 合成路徑 FilePath : Form
2023-11-09 19:45:29.9503 INFO 存檔完成，執行變更FileLog
2023-11-09 19:45:29.9503 INFO 找到檔案資料 fileName : Hufflepuff - 複製 (2).jpg
2023-11-09 19:45:29.9503 INFO 合成路徑 FilePath : Form
2023-11-09 19:45:29.9503 INFO 存檔完成，執行變更FileLog
2023-11-09 19:45:29.9662 INFO 找到檔案資料 fileName : owl - 複製 (2).jpg
2023-11-09 19:45:29.9662 INFO 合成路徑 FilePath : Form
2023-11-09 19:45:29.9662 INFO 存檔完成，執行變更FileLog
2023-11-09 19:46:13.0912 INFO 找到檔案資料 fileName : 1.png
2023-11-09 19:46:13.0912 INFO 合成路徑 FilePath : Form
2023-11-09 19:46:13.0912 INFO 存檔完成，執行變更FileLog
2023-11-09 19:46:13.0912 INFO 找到檔案資料 fileName : Gryffindor - 複製 - 複製.jpg
2023-11-09 19:46:13.0912 INFO 合成路徑 FilePath : Form
2023-11-09 19:46:13.0912 INFO 存檔完成，執行變更FileLog
2023-11-09 19:46:13.1042 INFO 找到檔案資料 fileName : Hufflepuff - 複製 (2).jpg
2023-11-09 19:46:13.1042 INFO 合成路徑 FilePath : Form
2023-11-09 19:46:13.1042 INFO 存檔完成，執行變更FileLog
2023-11-09 19:46:13.1042 INFO 找到檔案資料 fileName : owl.jpg
2023-11-09 19:46:13.1042 INFO 合成路徑 FilePath : Form
2023-11-09 19:46:13.1042 INFO 存檔完成，執行變更FileLog
2023-11-09 19:46:13.1212 INFO 找到檔案資料 fileName : Slytherin.jpg
2023-11-09 19:46:13.1212 INFO 合成路徑 FilePath : Form
2023-11-09 19:46:13.1212 INFO 存檔完成，執行變更FileLog
2023-11-09 19:46:13.1212 INFO 找到檔案資料 fileName : 彼岸花.jpg
2023-11-09 19:46:13.1212 INFO 合成路徑 FilePath : Form
2023-11-09 19:46:13.1212 INFO 存檔完成，執行變更FileLog
2023-11-09 21:57:46.0017 INFO 姓名:蘇家潁部門:開發者
2023-11-09 21:58:36.9000 INFO 姓名:蘇家潁部門:開發者
2023-11-09 21:58:54.7135 INFO 姓名:蘇家潁部門:開發者
2023-11-09 21:59:19.1404 INFO 姓名:蘇家潁部門:開發者
2023-11-09 22:05:28.3962 INFO 姓名:蘇家潁部門:開發者
2023-11-09 22:05:45.2545 INFO 姓名:蘇家潁部門:開發者
2023-11-09 22:06:22.8679 INFO 姓名:蘇家潁部門:開發者
2023-11-09 22:06:51.5490 INFO 姓名:蘇家潁部門:開發者
2023-11-09 22:08:26.3045 INFO 姓名:蘇家潁部門:開發者
2023-11-09 22:09:59.0197 INFO 姓名:蘇家潁部門:開發者
2023-11-09 22:17:28.3460 INFO 姓名:蘇家潁部門:開發者
2023-11-09 22:19:02.9848 INFO 姓名:蘇家潁部門:開發者
2023-11-09 22:30:05.0517 INFO 姓名:蘇家潁部門:開發者
2023-11-09 22:31:45.7322 INFO 姓名:蘇家潁部門:開發者
2023-11-09 22:32:17.5372 INFO 姓名:蘇家潁部門:開發者
2023-11-09 22:33:31.0229 INFO 姓名:蘇家潁部門:開發者
2023-11-09 22:36:18.9875 INFO 姓名:蘇家潁部門:開發者
2023-11-09 22:53:11.2826 INFO 姓名:蘇家潁部門:開發者
2023-11-09 22:53:55.1039 INFO 姓名:蘇家潁部門:開發者
2023-11-09 22:54:32.4064 INFO 姓名:蘇家潁部門:開發者
2023-11-09 22:55:54.0682 INFO 姓名:蘇家潁部門:開發者
2023-11-09 22:56:31.1849 INFO 姓名:蘇家潁部門:開發者
