2023-10-22 15:08:07.1106 INFO 匯出Word表單
2023-10-22 15:25:28.2866 INFO 進入房屋物件資料頁面，ControllerName:Secretary
2023-10-22 15:25:39.3243 INFO 房屋物件資料頁面送出編輯，ControllerName:Secretary
2023-10-22 15:25:39.6373 INFO 開始存檔
2023-10-22 15:26:10.8695 INFO 進入房屋物件資料頁面，ControllerName:Secretary
2023-10-22 15:29:42.1147 INFO 房屋物件資料頁面送出編輯，ControllerName:Secretary
2023-10-22 15:29:42.4269 INFO 開始存檔
2023-10-22 15:29:50.3647 INFO 進入房屋物件資料頁面，ControllerName:Secretary
2023-10-22 15:32:51.4699 INFO 進入房屋物件資料頁面，ControllerName:Secretary
2023-10-22 15:33:34.9618 INFO 進入房屋物件資料頁面，ControllerName:Secretary
2023-10-22 15:33:46.1338 INFO 進入房屋物件資料頁面，ControllerName:Secretary
2023-10-22 15:33:53.1319 INFO 進入房屋物件資料頁面，ControllerName:Secretary
2023-10-22 15:34:00.3486 INFO 進入房屋物件資料頁面，ControllerName:Secretary
2023-10-22 15:35:52.4226 INFO 房屋物件資料頁面送出編輯，ControllerName:Secretary
2023-10-22 15:35:52.7283 INFO 開始存檔
2023-10-22 15:40:22.4777 INFO 進入房屋物件資料頁面，ControllerName:Secretary
2023-10-22 15:41:43.5572 INFO 進入房屋物件資料頁面，ControllerName:Secretary
2023-10-22 15:42:51.8756 INFO 進入房屋物件資料頁面，ControllerName:Secretary
2023-10-22 15:43:27.1616 INFO 進入房屋物件資料頁面，ControllerName:Secretary
2023-10-22 15:44:03.5297 INFO 進入房屋物件資料頁面，ControllerName:Secretary
2023-10-22 15:49:44.6714 INFO 進入房屋物件資料頁面，ControllerName:Secretary
2023-10-22 15:51:15.3048 INFO 進入房屋物件資料頁面，ControllerName:Secretary
2023-10-22 15:51:24.8427 INFO 進入房屋物件資料頁面，ControllerName:Secretary
2023-10-22 16:09:44.6238 INFO 進入房屋物件資料頁面，ControllerName:Secretary
2023-10-22 16:11:22.5204 INFO 進入房屋物件資料頁面，ControllerName:Secretary
2023-10-22 16:14:10.6347 INFO 進入房屋物件資料頁面，ControllerName:Sales
2023-10-22 16:14:23.6389 INFO 進入房屋物件資料頁面，ControllerName:Secretary
2023-10-22 16:16:06.4815 INFO 進入房屋物件資料頁面，ControllerName:Secretary
2023-10-22 16:16:23.2619 INFO 進入房屋物件資料頁面，ControllerName:Secretary
2023-10-22 16:17:50.4170 INFO 進入房屋物件資料頁面，ControllerName:Secretary
2023-10-22 16:19:56.5051 INFO 進入房屋物件資料頁面，ControllerName:Sales
2023-10-22 16:20:13.0910 INFO 進入房屋物件資料頁面，ControllerName:Secretary
2023-10-22 16:21:26.5458 INFO 進入房屋物件資料頁面，ControllerName:Secretary
2023-10-22 16:21:45.0537 INFO 進入房屋物件資料頁面，ControllerName:Secretary
2023-10-22 16:23:05.8580 INFO 進入房屋物件資料頁面，ControllerName:Secretary
2023-10-22 16:23:18.7659 INFO 進入房屋物件資料頁面，ControllerName:Secretary
2023-10-22 16:25:59.1358 INFO 進入房屋物件資料頁面，ControllerName:Secretary
2023-10-22 16:26:33.1108 INFO 進入房屋物件資料頁面，ControllerName:Secretary
2023-10-22 16:36:13.8757 INFO 進入房屋物件資料頁面，ControllerName:Secretary
2023-10-22 16:36:35.7294 INFO 進入房屋物件資料頁面，ControllerName:Secretary
2023-10-22 16:37:30.3225 INFO 進入房屋物件資料頁面，ControllerName:Secretary
2023-10-22 16:37:54.6112 INFO 進入房屋物件資料頁面，ControllerName:Secretary
2023-10-22 16:39:07.4873 INFO 進入房屋物件資料頁面，ControllerName:Secretary
2023-10-22 16:41:08.2305 INFO 進入房屋物件資料頁面，ControllerName:Secretary
2023-10-22 16:41:59.8145 INFO 進入房屋物件資料頁面，ControllerName:Secretary
2023-10-22 16:42:48.9958 INFO 進入房屋物件資料頁面，ControllerName:Secretary
2023-10-22 16:44:12.4035 INFO 進入房屋物件資料頁面，ControllerName:Secretary
2023-10-22 16:44:34.9292 INFO 進入房屋物件資料頁面，ControllerName:Secretary
2023-10-22 16:59:23.5542 INFO 進入房屋物件資料頁面，ControllerName:Secretary
2023-10-22 16:59:39.9484 INFO 房屋物件資料頁面送出編輯，ControllerName:Secretary
2023-10-22 16:59:39.9644 INFO 開始存檔
2023-10-22 16:59:44.3025 INFO 進入房屋物件資料頁面，ControllerName:Secretary
2023-10-22 17:11:11.2460 INFO 進入房屋物件資料頁面，ControllerName:Secretary
2023-10-22 17:11:18.2668 INFO 房屋物件資料頁面送出編輯，ControllerName:Secretary
2023-10-22 17:11:18.2668 INFO 開始存檔
2023-10-22 17:13:00.3227 INFO 進入房屋物件資料頁面，ControllerName:Secretary
2023-10-22 17:13:04.4691 INFO 房屋物件資料頁面送出編輯，ControllerName:Secretary
2023-10-22 17:13:04.4691 INFO 開始存檔
2023-10-22 17:13:30.2346 INFO 進入房屋物件資料頁面，ControllerName:Secretary
2023-10-22 17:13:35.0058 INFO 房屋物件資料頁面送出編輯，ControllerName:Secretary
2023-10-22 17:13:35.0058 INFO 開始存檔
2023-10-22 17:14:54.7078 INFO 進入房屋物件資料頁面，ControllerName:Secretary
2023-10-22 17:15:05.5375 INFO 房屋物件資料頁面送出編輯，ControllerName:Secretary
2023-10-22 17:15:05.5465 INFO 開始存檔
2023-10-22 17:15:26.6266 INFO 進入房屋物件資料頁面，ControllerName:Secretary
2023-10-22 17:15:30.2983 INFO 房屋物件資料頁面送出編輯，ControllerName:Secretary
2023-10-22 17:15:30.2983 INFO 開始存檔
2023-10-22 17:17:16.9424 INFO 進入房屋物件資料頁面，ControllerName:Secretary
2023-10-22 17:17:24.7088 INFO 房屋物件資料頁面送出編輯，ControllerName:Secretary
2023-10-22 17:17:24.7223 INFO 開始存檔
2023-10-22 17:18:59.0000 INFO 進入房屋物件資料頁面，ControllerName:Secretary
2023-10-22 17:19:10.1200 INFO 房屋物件資料頁面送出編輯，ControllerName:Secretary
2023-10-22 17:19:10.1269 INFO 開始存檔
2023-10-22 17:38:00.2532 INFO 進入房屋物件資料頁面，ControllerName:Secretary
2023-10-22 17:38:11.7156 INFO 房屋物件資料頁面送出編輯，ControllerName:Secretary
2023-10-22 17:38:11.7295 INFO 開始存檔
2023-10-22 18:17:06.5573 INFO 進入房屋物件資料頁面，ControllerName:Sales
2023-10-22 18:17:24.0004 INFO 進入房屋物件資料頁面，ControllerName:Secretary
