2023-09-20 10:18:16.2699 INFO 匯出Word表單
2023-09-20 10:36:39.3029 INFO 匯出Word表單
2023-09-20 10:42:36.7004 INFO 匯出Word表單
2023-09-20 10:45:03.7008 INFO 匯出Word表單
2023-09-20 10:50:10.1414 INFO 匯出Word表單
2023-09-20 10:50:13.4723 ERROR 匯出失敗 : System.IndexOutOfRangeException: 索引在陣列的界限之外。
   於 LiqunManagement.Controllers.SecretaryController.ExportWord(String FormID) 於 C:\Users\ZA5771\Desktop\LiqunManagement\LiqunManagement\Controllers\SecretaryController.cs: 行 880
2023-09-20 10:50:37.5385 INFO 匯出Word表單
2023-09-20 10:50:48.8640 ERROR 匯出失敗 : System.IndexOutOfRangeException: 索引在陣列的界限之外。
   於 LiqunManagement.Controllers.SecretaryController.ExportWord(String FormID) 於 C:\Users\ZA5771\Desktop\LiqunManagement\LiqunManagement\Controllers\SecretaryController.cs: 行 880
2023-09-20 10:54:10.1105 INFO 匯出Word表單
2023-09-20 10:54:13.4453 ERROR 匯出失敗 : System.ArgumentOutOfRangeException: 索引超出範圍。必須為非負數且小於集合的大小。
參數名稱: index
   於 System.ThrowHelper.ThrowArgumentOutOfRangeException(ExceptionArgument argument, ExceptionResource resource)
   於 System.Collections.Generic.List`1.get_Item(Int32 index)
   於 LiqunManagement.Controllers.SecretaryController.ExportWord(String FormID) 於 C:\Users\ZA5771\Desktop\LiqunManagement\LiqunManagement\Controllers\SecretaryController.cs: 行 871
2023-09-20 10:54:26.7616 INFO 匯出Word表單
2023-09-20 10:57:51.8861 INFO 匯出Word表單
2023-09-20 10:58:21.9276 ERROR 匯出失敗 : System.ArgumentOutOfRangeException: 索引超出範圍。必須為非負數且小於集合的大小。
參數名稱: index
   於 System.ThrowHelper.ThrowArgumentOutOfRangeException(ExceptionArgument argument, ExceptionResource resource)
   於 System.Collections.Generic.List`1.get_Item(Int32 index)
   於 LiqunManagement.Controllers.SecretaryController.ExportWord(String FormID) 於 C:\Users\ZA5771\Desktop\LiqunManagement\LiqunManagement\Controllers\SecretaryController.cs: 行 882
2023-09-20 10:58:26.1166 INFO 匯出Word表單
2023-09-20 10:59:47.4023 INFO 進入房屋物件資料頁面，ControllerName:Sales
2023-09-20 11:00:07.0016 INFO 匯出Word表單
2023-09-20 11:04:09.2714 INFO 匯出Word表單
2023-09-20 11:12:00.7969 INFO 匯出Word表單
2023-09-20 11:14:12.2421 INFO 匯出Word表單
2023-09-20 11:15:40.7049 INFO 匯出Word表單
2023-09-20 11:18:17.8797 INFO 匯出Word表單
2023-09-20 11:20:03.0480 INFO 匯出Word表單
2023-09-20 11:55:37.3559 INFO 匯出Word表單
2023-09-20 12:09:55.1696 INFO 匯出Word表單
2023-09-20 12:10:18.4442 INFO 匯出Word表單
2023-09-20 12:10:21.2809 ERROR 匯出失敗 : System.IndexOutOfRangeException: 索引在陣列的界限之外。
   於 LiqunManagement.Controllers.SecretaryController.ExportWord(String FormID) 於 C:\Users\ZA5771\Desktop\LiqunManagement\LiqunManagement\Controllers\SecretaryController.cs: 行 854
2023-09-20 12:13:23.7580 INFO 匯出Word表單
2023-09-20 15:31:38.4199 INFO 匯出Word表單
2023-09-20 15:31:42.7421 ERROR 匯出失敗 : System.IO.FileNotFoundException: File could not be found C:\Users\ZA5771\Desktop\LiqunManagement\LiqunManagement\WordSample\附表單2.代理人授權書-客1.docx
   於 Xceed.Document.NET.Document.Load(String filename, Document document, DocumentTypes documentType)
   於 Xceed.Words.NET.DocX.Load(String filename)
   於 LiqunManagement.Controllers.SecretaryController.ExportWord(String FormID) 於 C:\Users\ZA5771\Desktop\LiqunManagement\LiqunManagement\Controllers\SecretaryController.cs: 行 643
2023-09-20 15:34:57.1766 INFO 匯出Word表單
2023-09-20 15:35:01.8818 ERROR 匯出失敗 : System.IO.FileNotFoundException: File could not be found C:\Users\ZA5771\Desktop\LiqunManagement\LiqunManagement\WordSample\附表單2.代理人授權書-客1.docx
   於 Xceed.Document.NET.Document.Load(String filename, Document document, DocumentTypes documentType)
   於 Xceed.Words.NET.DocX.Load(String filename)
   於 LiqunManagement.Controllers.SecretaryController.ExportWord(String FormID) 於 C:\Users\ZA5771\Desktop\LiqunManagement\LiqunManagement\Controllers\SecretaryController.cs: 行 643
2023-09-20 15:35:29.6510 INFO 匯出Word表單
2023-09-20 15:35:33.3252 ERROR 匯出失敗 : System.IO.FileNotFoundException: File could not be found C:\Users\ZA5771\Desktop\LiqunManagement\LiqunManagement\WordSample\附表單2.代理人授權書-客1.docx
   於 Xceed.Document.NET.Document.Load(String filename, Document document, DocumentTypes documentType)
   於 Xceed.Words.NET.DocX.Load(String filename)
   於 LiqunManagement.Controllers.SecretaryController.ExportWord(String FormID) 於 C:\Users\ZA5771\Desktop\LiqunManagement\LiqunManagement\Controllers\SecretaryController.cs: 行 643
2023-09-20 15:37:26.6774 INFO 匯出Word表單
2023-09-20 15:38:06.5565 INFO 匯出Word表單
2023-09-20 15:40:08.7161 INFO 匯出Word表單
2023-09-20 15:43:34.8194 INFO 匯出Word表單
2023-09-20 15:45:39.9181 INFO 匯出Word表單
2023-09-20 15:48:02.7081 INFO 匯出Word表單
2023-09-20 15:51:18.9574 INFO 匯出Word表單
2023-09-20 15:58:46.6799 INFO 匯出Word表單
2023-09-20 15:59:22.9452 INFO 匯出Word表單
2023-09-20 16:00:17.7714 INFO 匯出Word表單
2023-09-20 16:25:05.7888 INFO 匯出Word表單
2023-09-20 17:13:02.7639 INFO 匯出Word表單
2023-09-20 17:13:03.5454 ERROR 匯出失敗 : System.NotSupportedException: 指定的 LINQ 運算式包含與不同內容關聯的查詢參考。
   於 System.Data.Entity.Core.Objects.ELinq.Funcletizer.FuncletizingVisitor.InlineObjectQuery(ObjectQuery inlineQuery, Type expressionType)
   於 System.Data.Entity.Core.Objects.ELinq.Funcletizer.FuncletizingVisitor.InlineValue(Expression expression, Boolean recompileOnChange)
   於 System.Data.Entity.Core.Objects.ELinq.Funcletizer.FuncletizingVisitor.Visit(Expression exp)
   於 System.Linq.Expressions.EntityExpressionVisitor.VisitMethodCall(MethodCallExpression m)
   於 System.Data.Entity.Core.Objects.ELinq.Funcletizer.FuncletizingVisitor.Visit(Expression exp)
   於 System.Linq.Expressions.EntityExpressionVisitor.VisitExpressionList(ReadOnlyCollection`1 original)
   於 System.Linq.Expressions.EntityExpressionVisitor.VisitMethodCall(MethodCallExpression m)
   於 System.Data.Entity.Core.Objects.ELinq.Funcletizer.FuncletizingVisitor.Visit(Expression exp)
   於 System.Linq.Expressions.EntityExpressionVisitor.VisitExpressionList(ReadOnlyCollection`1 original)
   於 System.Linq.Expressions.EntityExpressionVisitor.VisitMethodCall(MethodCallExpression m)
   於 System.Data.Entity.Core.Objects.ELinq.Funcletizer.FuncletizingVisitor.Visit(Expression exp)
   於 System.Data.Entity.Core.Objects.ELinq.Funcletizer.Funcletize(Expression expression, Func`1& recompileRequired)
   於 System.Data.Entity.Core.Objects.ELinq.ExpressionConverter..ctor(Funcletizer funcletizer, Expression expression)
   於 System.Data.Entity.Core.Objects.ELinq.ELinqQueryState.CreateExpressionConverter()
   於 System.Data.Entity.Core.Objects.ELinq.ELinqQueryState.GetExecutionPlan(Nullable`1 forMergeOption)
   於 System.Data.Entity.Core.Objects.ObjectQuery`1.<>c__DisplayClass7.<GetResults>b__6()
   於 System.Data.Entity.Core.Objects.ObjectContext.ExecuteInTransaction[T](Func`1 func, IDbExecutionStrategy executionStrategy, Boolean startLocalTransaction, Boolean releaseConnectionOnSuccess)
   於 System.Data.Entity.Core.Objects.ObjectQuery`1.<>c__DisplayClass7.<GetResults>b__5()
   於 System.Data.Entity.SqlServer.DefaultSqlExecutionStrategy.Execute[TResult](Func`1 operation)
   於 System.Data.Entity.Core.Objects.ObjectQuery`1.GetResults(Nullable`1 forMergeOption)
   於 System.Data.Entity.Core.Objects.ObjectQuery`1.<System.Collections.Generic.IEnumerable<T>.GetEnumerator>b__0()
   於 System.Data.Entity.Internal.LazyEnumerator`1.MoveNext()
   於 System.Linq.Enumerable.FirstOrDefault[TSource](IEnumerable`1 source)
   於 LiqunManagement.Controllers.SecretaryController.ExportWord(String FormID) 於 C:\Users\ZA5771\Desktop\LiqunManagement\LiqunManagement\Controllers\SecretaryController.cs: 行 408
2023-09-20 17:13:21.9887 INFO 匯出Word表單
2023-09-20 17:13:45.2293 ERROR 匯出失敗 : System.NotSupportedException: 指定的 LINQ 運算式包含與不同內容關聯的查詢參考。
   於 System.Data.Entity.Core.Objects.ELinq.Funcletizer.FuncletizingVisitor.InlineObjectQuery(ObjectQuery inlineQuery, Type expressionType)
   於 System.Data.Entity.Core.Objects.ELinq.Funcletizer.FuncletizingVisitor.InlineValue(Expression expression, Boolean recompileOnChange)
   於 System.Data.Entity.Core.Objects.ELinq.Funcletizer.FuncletizingVisitor.Visit(Expression exp)
   於 System.Linq.Expressions.EntityExpressionVisitor.VisitMethodCall(MethodCallExpression m)
   於 System.Data.Entity.Core.Objects.ELinq.Funcletizer.FuncletizingVisitor.Visit(Expression exp)
   於 System.Linq.Expressions.EntityExpressionVisitor.VisitExpressionList(ReadOnlyCollection`1 original)
   於 System.Linq.Expressions.EntityExpressionVisitor.VisitMethodCall(MethodCallExpression m)
   於 System.Data.Entity.Core.Objects.ELinq.Funcletizer.FuncletizingVisitor.Visit(Expression exp)
   於 System.Linq.Expressions.EntityExpressionVisitor.VisitExpressionList(ReadOnlyCollection`1 original)
   於 System.Linq.Expressions.EntityExpressionVisitor.VisitMethodCall(MethodCallExpression m)
   於 System.Data.Entity.Core.Objects.ELinq.Funcletizer.FuncletizingVisitor.Visit(Expression exp)
   於 System.Data.Entity.Core.Objects.ELinq.Funcletizer.Funcletize(Expression expression, Func`1& recompileRequired)
   於 System.Data.Entity.Core.Objects.ELinq.ExpressionConverter..ctor(Funcletizer funcletizer, Expression expression)
   於 System.Data.Entity.Core.Objects.ELinq.ELinqQueryState.CreateExpressionConverter()
   於 System.Data.Entity.Core.Objects.ELinq.ELinqQueryState.GetExecutionPlan(Nullable`1 forMergeOption)
   於 System.Data.Entity.Core.Objects.ObjectQuery`1.<>c__DisplayClass7.<GetResults>b__6()
   於 System.Data.Entity.Core.Objects.ObjectContext.ExecuteInTransaction[T](Func`1 func, IDbExecutionStrategy executionStrategy, Boolean startLocalTransaction, Boolean releaseConnectionOnSuccess)
   於 System.Data.Entity.Core.Objects.ObjectQuery`1.<>c__DisplayClass7.<GetResults>b__5()
   於 System.Data.Entity.SqlServer.DefaultSqlExecutionStrategy.Execute[TResult](Func`1 operation)
   於 System.Data.Entity.Core.Objects.ObjectQuery`1.GetResults(Nullable`1 forMergeOption)
   於 System.Data.Entity.Core.Objects.ObjectQuery`1.<System.Collections.Generic.IEnumerable<T>.GetEnumerator>b__0()
   於 System.Data.Entity.Internal.LazyEnumerator`1.MoveNext()
   於 System.Linq.Enumerable.FirstOrDefault[TSource](IEnumerable`1 source)
   於 LiqunManagement.Controllers.SecretaryController.ExportWord(String FormID) 於 C:\Users\ZA5771\Desktop\LiqunManagement\LiqunManagement\Controllers\SecretaryController.cs: 行 408
2023-09-20 17:15:16.7351 INFO 匯出Word表單
2023-09-20 17:15:22.6141 ERROR 匯出失敗 : System.NotSupportedException: 指定的 LINQ 運算式包含與不同內容關聯的查詢參考。
   於 System.Data.Entity.Core.Objects.ELinq.Funcletizer.FuncletizingVisitor.InlineObjectQuery(ObjectQuery inlineQuery, Type expressionType)
   於 System.Data.Entity.Core.Objects.ELinq.Funcletizer.FuncletizingVisitor.InlineValue(Expression expression, Boolean recompileOnChange)
   於 System.Data.Entity.Core.Objects.ELinq.Funcletizer.FuncletizingVisitor.Visit(Expression exp)
   於 System.Linq.Expressions.EntityExpressionVisitor.VisitMethodCall(MethodCallExpression m)
   於 System.Data.Entity.Core.Objects.ELinq.Funcletizer.FuncletizingVisitor.Visit(Expression exp)
   於 System.Linq.Expressions.EntityExpressionVisitor.VisitExpressionList(ReadOnlyCollection`1 original)
   於 System.Linq.Expressions.EntityExpressionVisitor.VisitMethodCall(MethodCallExpression m)
   於 System.Data.Entity.Core.Objects.ELinq.Funcletizer.FuncletizingVisitor.Visit(Expression exp)
   於 System.Linq.Expressions.EntityExpressionVisitor.VisitExpressionList(ReadOnlyCollection`1 original)
   於 System.Linq.Expressions.EntityExpressionVisitor.VisitMethodCall(MethodCallExpression m)
   於 System.Data.Entity.Core.Objects.ELinq.Funcletizer.FuncletizingVisitor.Visit(Expression exp)
   於 System.Data.Entity.Core.Objects.ELinq.Funcletizer.Funcletize(Expression expression, Func`1& recompileRequired)
   於 System.Data.Entity.Core.Objects.ELinq.ExpressionConverter..ctor(Funcletizer funcletizer, Expression expression)
   於 System.Data.Entity.Core.Objects.ELinq.ELinqQueryState.CreateExpressionConverter()
   於 System.Data.Entity.Core.Objects.ELinq.ELinqQueryState.GetExecutionPlan(Nullable`1 forMergeOption)
   於 System.Data.Entity.Core.Objects.ObjectQuery`1.<>c__DisplayClass7.<GetResults>b__6()
   於 System.Data.Entity.Core.Objects.ObjectContext.ExecuteInTransaction[T](Func`1 func, IDbExecutionStrategy executionStrategy, Boolean startLocalTransaction, Boolean releaseConnectionOnSuccess)
   於 System.Data.Entity.Core.Objects.ObjectQuery`1.<>c__DisplayClass7.<GetResults>b__5()
   於 System.Data.Entity.SqlServer.DefaultSqlExecutionStrategy.Execute[TResult](Func`1 operation)
   於 System.Data.Entity.Core.Objects.ObjectQuery`1.GetResults(Nullable`1 forMergeOption)
   於 System.Data.Entity.Core.Objects.ObjectQuery`1.<System.Collections.Generic.IEnumerable<T>.GetEnumerator>b__0()
   於 System.Data.Entity.Internal.LazyEnumerator`1.MoveNext()
   於 System.Linq.Enumerable.FirstOrDefault[TSource](IEnumerable`1 source)
   於 LiqunManagement.Controllers.SecretaryController.ExportWord(String FormID) 於 C:\Users\ZA5771\Desktop\LiqunManagement\LiqunManagement\Controllers\SecretaryController.cs: 行 408
2023-09-20 17:16:41.5960 INFO 匯出Word表單
2023-09-20 17:17:11.3171 ERROR 匯出失敗 : System.NotSupportedException: 指定的 LINQ 運算式包含與不同內容關聯的查詢參考。
   於 System.Data.Entity.Core.Objects.ELinq.Funcletizer.FuncletizingVisitor.InlineObjectQuery(ObjectQuery inlineQuery, Type expressionType)
   於 System.Data.Entity.Core.Objects.ELinq.Funcletizer.FuncletizingVisitor.InlineValue(Expression expression, Boolean recompileOnChange)
   於 System.Data.Entity.Core.Objects.ELinq.Funcletizer.FuncletizingVisitor.Visit(Expression exp)
   於 System.Linq.Expressions.EntityExpressionVisitor.VisitMethodCall(MethodCallExpression m)
   於 System.Data.Entity.Core.Objects.ELinq.Funcletizer.FuncletizingVisitor.Visit(Expression exp)
   於 System.Linq.Expressions.EntityExpressionVisitor.VisitExpressionList(ReadOnlyCollection`1 original)
   於 System.Linq.Expressions.EntityExpressionVisitor.VisitMethodCall(MethodCallExpression m)
   於 System.Data.Entity.Core.Objects.ELinq.Funcletizer.FuncletizingVisitor.Visit(Expression exp)
   於 System.Linq.Expressions.EntityExpressionVisitor.VisitExpressionList(ReadOnlyCollection`1 original)
   於 System.Linq.Expressions.EntityExpressionVisitor.VisitMethodCall(MethodCallExpression m)
   於 System.Data.Entity.Core.Objects.ELinq.Funcletizer.FuncletizingVisitor.Visit(Expression exp)
   於 System.Data.Entity.Core.Objects.ELinq.Funcletizer.Funcletize(Expression expression, Func`1& recompileRequired)
   於 System.Data.Entity.Core.Objects.ELinq.ExpressionConverter..ctor(Funcletizer funcletizer, Expression expression)
   於 System.Data.Entity.Core.Objects.ELinq.ELinqQueryState.CreateExpressionConverter()
   於 System.Data.Entity.Core.Objects.ELinq.ELinqQueryState.GetExecutionPlan(Nullable`1 forMergeOption)
   於 System.Data.Entity.Core.Objects.ObjectQuery`1.<>c__DisplayClass7.<GetResults>b__6()
   於 System.Data.Entity.Core.Objects.ObjectContext.ExecuteInTransaction[T](Func`1 func, IDbExecutionStrategy executionStrategy, Boolean startLocalTransaction, Boolean releaseConnectionOnSuccess)
   於 System.Data.Entity.Core.Objects.ObjectQuery`1.<>c__DisplayClass7.<GetResults>b__5()
   於 System.Data.Entity.SqlServer.DefaultSqlExecutionStrategy.Execute[TResult](Func`1 operation)
   於 System.Data.Entity.Core.Objects.ObjectQuery`1.GetResults(Nullable`1 forMergeOption)
   於 System.Data.Entity.Core.Objects.ObjectQuery`1.<System.Collections.Generic.IEnumerable<T>.GetEnumerator>b__0()
   於 System.Data.Entity.Internal.LazyEnumerator`1.MoveNext()
   於 System.Linq.Enumerable.FirstOrDefault[TSource](IEnumerable`1 source)
   於 LiqunManagement.Controllers.SecretaryController.ExportWord(String FormID) 於 C:\Users\ZA5771\Desktop\LiqunManagement\LiqunManagement\Controllers\SecretaryController.cs: 行 410
2023-09-20 17:21:29.1756 INFO 匯出Word表單
2023-09-20 17:22:30.7433 ERROR 匯出失敗 : System.IndexOutOfRangeException: 索引在陣列的界限之外。
   於 LiqunManagement.Controllers.SecretaryController.ExportWord(String FormID) 於 C:\Users\ZA5771\Desktop\LiqunManagement\LiqunManagement\Controllers\SecretaryController.cs: 行 903
2023-09-20 17:22:48.6913 INFO 匯出Word表單
2023-09-20 17:23:08.5270 ERROR 匯出失敗 : System.IndexOutOfRangeException: 索引在陣列的界限之外。
   於 LiqunManagement.Controllers.SecretaryController.ExportWord(String FormID) 於 C:\Users\ZA5771\Desktop\LiqunManagement\LiqunManagement\Controllers\SecretaryController.cs: 行 903
2023-09-20 17:23:21.5871 INFO 匯出Word表單
2023-09-20 17:24:01.0492 ERROR 匯出失敗 : System.IndexOutOfRangeException: 索引在陣列的界限之外。
   於 LiqunManagement.Controllers.SecretaryController.ExportWord(String FormID) 於 C:\Users\ZA5771\Desktop\LiqunManagement\LiqunManagement\Controllers\SecretaryController.cs: 行 903
2023-09-20 17:26:32.4634 INFO 匯出Word表單
2023-09-20 17:26:45.6038 ERROR 匯出失敗 : System.IndexOutOfRangeException: 索引在陣列的界限之外。
   於 LiqunManagement.Controllers.SecretaryController.ExportWord(String FormID) 於 C:\Users\ZA5771\Desktop\LiqunManagement\LiqunManagement\Controllers\SecretaryController.cs: 行 903
2023-09-20 17:26:51.8600 INFO 匯出Word表單
2023-09-20 17:27:08.4493 ERROR 匯出失敗 : System.IndexOutOfRangeException: 索引在陣列的界限之外。
   於 LiqunManagement.Controllers.SecretaryController.ExportWord(String FormID) 於 C:\Users\ZA5771\Desktop\LiqunManagement\LiqunManagement\Controllers\SecretaryController.cs: 行 903
2023-09-20 17:27:21.0800 INFO 匯出Word表單
2023-09-20 17:28:16.3308 ERROR 匯出失敗 : System.IndexOutOfRangeException: 索引在陣列的界限之外。
   於 LiqunManagement.Controllers.SecretaryController.ExportWord(String FormID) 於 C:\Users\ZA5771\Desktop\LiqunManagement\LiqunManagement\Controllers\SecretaryController.cs: 行 903
2023-09-20 17:28:23.4484 INFO 匯出Word表單
2023-09-20 17:28:34.6545 ERROR 匯出失敗 : System.IndexOutOfRangeException: 索引在陣列的界限之外。
   於 LiqunManagement.Controllers.SecretaryController.ExportWord(String FormID) 於 C:\Users\ZA5771\Desktop\LiqunManagement\LiqunManagement\Controllers\SecretaryController.cs: 行 903
2023-09-20 17:28:42.7608 INFO 匯出Word表單
2023-09-20 17:28:46.0369 ERROR 匯出失敗 : System.IndexOutOfRangeException: 索引在陣列的界限之外。
   於 LiqunManagement.Controllers.SecretaryController.ExportWord(String FormID) 於 C:\Users\ZA5771\Desktop\LiqunManagement\LiqunManagement\Controllers\SecretaryController.cs: 行 903
2023-09-20 17:28:51.2718 INFO 匯出Word表單
2023-09-20 17:29:07.3407 ERROR 匯出失敗 : System.IndexOutOfRangeException: 索引在陣列的界限之外。
   於 LiqunManagement.Controllers.SecretaryController.ExportWord(String FormID) 於 C:\Users\ZA5771\Desktop\LiqunManagement\LiqunManagement\Controllers\SecretaryController.cs: 行 903
2023-09-20 17:29:12.4423 INFO 匯出Word表單
2023-09-20 17:29:16.0884 ERROR 匯出失敗 : System.IndexOutOfRangeException: 索引在陣列的界限之外。
   於 LiqunManagement.Controllers.SecretaryController.ExportWord(String FormID) 於 C:\Users\ZA5771\Desktop\LiqunManagement\LiqunManagement\Controllers\SecretaryController.cs: 行 903
2023-09-20 17:29:20.9250 INFO 匯出Word表單
2023-09-20 17:30:45.8044 ERROR 匯出失敗 : System.IndexOutOfRangeException: 索引在陣列的界限之外。
   於 LiqunManagement.Controllers.SecretaryController.ExportWord(String FormID) 於 C:\Users\ZA5771\Desktop\LiqunManagement\LiqunManagement\Controllers\SecretaryController.cs: 行 903
2023-09-20 17:30:50.7066 INFO 匯出Word表單
2023-09-20 17:30:57.4630 ERROR 匯出失敗 : System.IndexOutOfRangeException: 索引在陣列的界限之外。
   於 LiqunManagement.Controllers.SecretaryController.ExportWord(String FormID) 於 C:\Users\ZA5771\Desktop\LiqunManagement\LiqunManagement\Controllers\SecretaryController.cs: 行 903
2023-09-20 17:31:04.3129 INFO 匯出Word表單
2023-09-20 17:31:11.6813 ERROR 匯出失敗 : System.IndexOutOfRangeException: 索引在陣列的界限之外。
   於 LiqunManagement.Controllers.SecretaryController.ExportWord(String FormID) 於 C:\Users\ZA5771\Desktop\LiqunManagement\LiqunManagement\Controllers\SecretaryController.cs: 行 903
2023-09-20 17:31:16.9883 INFO 匯出Word表單
2023-09-20 18:59:47.6250 INFO 匯出Word表單
2023-09-20 19:00:49.6016 INFO 匯出Word表單
2023-09-20 20:38:22.6212 INFO 匯出Word表單
2023-09-20 20:38:27.4379 ERROR 匯出失敗 : System.IO.FileNotFoundException: File could not be found C:\Users\ZA5771\Desktop\LiqunManagement\LiqunManagement\WordSample\2.社會住宅代租代管計畫-委託管理-契約書範本-任.docx
   於 Xceed.Document.NET.Document.Load(String filename, Document document, DocumentTypes documentType)
   於 Xceed.Words.NET.DocX.Load(String filename)
   於 LiqunManagement.Controllers.SecretaryController.ExportWord(String FormID) 於 C:\Users\ZA5771\Desktop\LiqunManagement\LiqunManagement\Controllers\SecretaryController.cs: 行 678
2023-09-20 20:41:01.8493 INFO 匯出Word表單
2023-09-20 20:42:03.1688 INFO 匯出Word表單
2023-09-20 20:54:00.9712 INFO 匯出Word表單
2023-09-20 21:16:25.9214 INFO 匯出Word表單
2023-09-20 21:16:31.1664 ERROR 匯出失敗 : System.IO.IOException: 由於另一個處理序正在使用檔案 'C:\Users\ZA5771\Desktop\LiqunManagement\LiqunManagement\WordSample\2.社會住宅代租代管計畫-委託管理-契約書範本-任.docx'，所以無法存取該檔案。
   於 System.IO.__Error.WinIOError(Int32 errorCode, String maybeFullPath)
   於 System.IO.FileStream.Init(String path, FileMode mode, FileAccess access, Int32 rights, Boolean useRights, FileShare share, Int32 bufferSize, FileOptions options, SECURITY_ATTRIBUTES secAttrs, String msgPath, Boolean bFromProxy, Boolean useLongPath, Boolean checkHost)
   於 System.IO.FileStream..ctor(String path, FileMode mode, FileAccess access, FileShare share)
   於 Xceed.Document.NET.Document.Load(String filename, Document document, DocumentTypes documentType)
   於 Xceed.Words.NET.DocX.Load(String filename)
   於 LiqunManagement.Controllers.SecretaryController.ExportWord(String FormID) 於 C:\Users\ZA5771\Desktop\LiqunManagement\LiqunManagement\Controllers\SecretaryController.cs: 行 679
2023-09-20 21:16:41.0033 INFO 匯出Word表單
2023-09-20 21:21:17.3595 INFO 匯出Word表單
2023-09-20 21:21:36.4314 INFO 匯出Word表單
2023-09-20 21:22:54.8292 INFO 匯出Word表單
2023-09-20 22:43:35.9945 INFO 匯出Word表單
2023-09-20 22:43:41.5093 ERROR 匯出失敗 : System.NullReferenceException: 並未將物件參考設定為物件的執行個體。
   於 Xceed.Document.NET.Container.RemoveParagraph(Paragraph paragraph)
   於 LiqunManagement.Controllers.SecretaryController.ExportWord(String FormID) 於 C:\Users\ZA5771\Desktop\LiqunManagement\LiqunManagement\Controllers\SecretaryController.cs: 行 1239
2023-09-20 22:44:23.2941 INFO 匯出Word表單
2023-09-20 22:44:28.7346 ERROR 匯出失敗 : System.NullReferenceException: 並未將物件參考設定為物件的執行個體。
   於 Xceed.Document.NET.Container.RemoveParagraph(Paragraph paragraph)
   於 LiqunManagement.Controllers.SecretaryController.ExportWord(String FormID) 於 C:\Users\ZA5771\Desktop\LiqunManagement\LiqunManagement\Controllers\SecretaryController.cs: 行 1239
2023-09-20 22:45:28.7340 INFO 匯出Word表單
2023-09-20 22:46:16.9961 ERROR 匯出失敗 : System.NullReferenceException: 並未將物件參考設定為物件的執行個體。
   於 Xceed.Document.NET.Container.RemoveParagraph(Paragraph paragraph)
   於 LiqunManagement.Controllers.SecretaryController.ExportWord(String FormID) 於 C:\Users\ZA5771\Desktop\LiqunManagement\LiqunManagement\Controllers\SecretaryController.cs: 行 1239
2023-09-20 22:47:00.8562 INFO 匯出Word表單
2023-09-20 22:48:21.4464 ERROR 匯出失敗 : System.NullReferenceException: 並未將物件參考設定為物件的執行個體。
   於 Xceed.Document.NET.Container.RemoveParagraph(Paragraph paragraph)
   於 LiqunManagement.Controllers.SecretaryController.ExportWord(String FormID) 於 C:\Users\ZA5771\Desktop\LiqunManagement\LiqunManagement\Controllers\SecretaryController.cs: 行 1239
2023-09-20 22:48:25.2071 INFO 匯出Word表單
2023-09-20 22:48:32.5960 ERROR 匯出失敗 : System.NullReferenceException: 並未將物件參考設定為物件的執行個體。
   於 Xceed.Document.NET.Container.RemoveParagraph(Paragraph paragraph)
   於 LiqunManagement.Controllers.SecretaryController.ExportWord(String FormID) 於 C:\Users\ZA5771\Desktop\LiqunManagement\LiqunManagement\Controllers\SecretaryController.cs: 行 1239
2023-09-20 22:48:43.9239 INFO 匯出Word表單
2023-09-20 22:51:02.0171 INFO 匯出Word表單
