<<<<<<< HEAD
2023-10-03 21:15:44.6208 INFO 進入房屋物件資料頁面，ControllerName:Secretary
2023-10-03 21:17:30.9329 INFO 房屋物件資料頁面送出編輯，ControllerName:Secretary
2023-10-03 21:17:31.2623 INFO 開始存檔
=======
2023-10-03 15:16:39.8806 INFO UploadRegion Get
2023-10-03 15:16:39.9066 INFO 取得使用者資料
2023-10-03 15:16:40.5722 INFO 姓名:蘇家潁部門:開發者
2023-10-03 15:16:40.8130 INFO 回傳Views
2023-10-03 15:16:52.1211 INFO UploadRegion Get
2023-10-03 15:16:52.1211 INFO 取得使用者資料
2023-10-03 15:16:52.2692 INFO 姓名:蘇家潁部門:開發者
2023-10-03 15:16:52.2692 INFO 回傳Views
2023-10-03 15:17:03.3034 INFO UploadRegion Get
2023-10-03 15:17:03.3034 INFO 取得使用者資料
2023-10-03 15:17:03.4523 INFO 姓名:蘇家潁部門:開發者
2023-10-03 15:17:03.4523 INFO 回傳Views
2023-10-03 15:23:37.8997 INFO UploadRegion Get
2023-10-03 15:23:37.9122 INFO 取得使用者資料
2023-10-03 15:23:38.5957 INFO 姓名:蘇家潁部門:開發者
2023-10-03 15:23:38.8218 INFO 回傳Views
>>>>>>> 18655414c38c45def05cddf5cf82eb31f1c682b9
